<?xml version="1.0" encoding="UTF-8"?>
<testsuite xmlns:xsi="http://www.w3.org/2001/XMLSchema-instance" xsi:noNamespaceSchemaLocation="https://maven.apache.org/surefire/maven-surefire-plugin/xsd/surefire-test-report-3.0.xsd" version="3.0" name="com.maridimamba.FinancialLogicTests" time="0.778" tests="13" errors="0" skipped="0" failures="0">
  <properties>
[...]
</properties>
  <testcase name="testCycleWithMixed10kAnd5kChunks" classname="com.maridimamba.FinancialLogicTests" time="0.039">
    <system-out><![CDATA[2026-09-12T19:45:50.475+05:30  INFO 10959 --- [maridimamba-backend] [           main] t.c.s.AnnotationConfigContextLoaderUtils : Could not detect default configuration classes for test class [com.maridimamba.FinancialLogicTests]: FinancialLogicTests does not declare any static, non-private, non-final, nested classes annotated with @Configuration.
2026-09-12T19:45:50.476+05:30  INFO 10959 --- [maridimamba-backend] [           main] .b.t.c.SpringBootTestContextBootstrapper : Found @SpringBootConfiguration com.maridimamba.MaridimambaApplication for test class com.maridimamba.FinancialLogicTests

  .   ____          _            __ _ _
 /\\ / ___'_ __ _ _(_)_ __  __ _ \ \ \ \
( ( )\___ | '_ | '_| | '_ \/ _` | \ \ \ \
 \\/  ___)| |_)| | | | | || (_| |  ) ) ) )
  '  |____| .__|_| |_|_| |_\__, | / / / /
 =========|_|==============|___/=/_/_/_/
 :: Spring Boot ::                (v3.2.5)

2026-09-12T19:45:50.489+05:30  INFO 10959 --- [maridimamba-backend] [           main] com.maridimamba.FinancialLogicTests      : Starting FinancialLogicTests using Java 17.0.11 with PID 10959 (started by venkateshkarri in /Users/venkateshkarri/Documents/VibeCode/maridimamba/backend)
2026-09-12T19:45:50.489+05:30  INFO 10959 --- [maridimamba-backend] [           main] com.maridimamba.FinancialLogicTests      : The following 1 profile is active: "test"
2026-09-12T19:45:50.579+05:30  INFO 10959 --- [maridimamba-backend] [           main] .s.d.r.c.RepositoryConfigurationDelegate : Bootstrapping Spring Data JPA repositories in DEFAULT mode.
2026-09-12T19:45:50.587+05:30  INFO 10959 --- [maridimamba-backend] [           main] .s.d.r.c.RepositoryConfigurationDelegate : Finished Spring Data repository scanning in 7 ms. Found 7 JPA repository interfaces.
2026-09-12T19:45:50.633+05:30  INFO 10959 --- [maridimamba-backend] [           main] com.zaxxer.hikari.HikariDataSource       : HikariPool-2 - Starting...
2026-09-12T19:45:50.633+05:30  INFO 10959 --- [maridimamba-backend] [           main] com.zaxxer.hikari.pool.HikariPool        : HikariPool-2 - Added connection conn10: url=jdbc:h2:mem:testdb user=SA
2026-09-12T19:45:50.633+05:30  INFO 10959 --- [maridimamba-backend] [           main] com.zaxxer.hikari.HikariDataSource       : HikariPool-2 - Start completed.
2026-09-12T19:45:50.636+05:30  INFO 10959 --- [maridimamba-backend] [           main] org.flywaydb.core.FlywayExecutor         : Database: jdbc:h2:mem:testdb (H2 2.2)
2026-09-12T19:45:50.637+05:30  WARN 10959 --- [maridimamba-backend] [           main] o.f.c.internal.database.base.Database    : Flyway upgrade recommended: H2 2.2.224 is newer than this version of Flyway and support has not been tested. The latest supported version of H2 is 2.2.220.
2026-09-12T19:45:50.639+05:30  INFO 10959 --- [maridimamba-backend] [           main] o.f.core.internal.command.DbValidate     : Successfully validated 4 migrations (execution time 00:00.001s)
2026-09-12T19:45:50.641+05:30  INFO 10959 --- [maridimamba-backend] [           main] o.f.core.internal.command.DbMigrate      : Current version of schema "public": 4
2026-09-12T19:45:50.641+05:30  INFO 10959 --- [maridimamba-backend] [           main] o.f.core.internal.command.DbMigrate      : Schema "public" is up to date. No migration necessary.
2026-09-12T19:45:50.651+05:30  INFO 10959 --- [maridimamba-backend] [           main] o.hibernate.jpa.internal.util.LogHelper  : HHH000204: Processing PersistenceUnitInfo [name: default]
2026-09-12T19:45:50.653+05:30  INFO 10959 --- [maridimamba-backend] [           main] o.h.c.internal.RegionFactoryInitiator    : HHH000026: Second-level cache disabled
2026-09-12T19:45:50.655+05:30  INFO 10959 --- [maridimamba-backend] [           main] o.s.o.j.p.SpringPersistenceUnitInfo      : No LoadTimeWeaver setup: ignoring JPA class transformer
2026-09-12T19:45:50.655+05:30  WARN 10959 --- [maridimamba-backend] [           main] org.hibernate.orm.deprecation            : HHH90000025: H2Dialect does not need to be specified explicitly using 'hibernate.dialect' (remove the property setting and it will be selected by default)
2026-09-12T19:45:50.744+05:30  INFO 10959 --- [maridimamba-backend] [           main] o.h.e.t.j.p.i.JtaPlatformInitiator       : HHH000489: No JTA platform available (set 'hibernate.transaction.jta.platform' to enable JTA platform integration)
2026-09-12T19:45:50.745+05:30  INFO 10959 --- [maridimamba-backend] [           main] j.LocalContainerEntityManagerFactoryBean : Initialized JPA EntityManagerFactory for persistence unit 'default'
2026-09-12T19:45:50.893+05:30  INFO 10959 --- [maridimamba-backend] [           main] o.s.s.web.DefaultSecurityFilterChain     : Will secure any request with [org.springframework.security.web.session.DisableEncodeUrlFilter@7ca3fa41, org.springframework.security.web.context.request.async.WebAsyncManagerIntegrationFilter@6fc294ae, org.springframework.security.web.context.SecurityContextHolderFilter@b4a76f3, org.springframework.security.web.header.HeaderWriterFilter@7f53c24c, org.springframework.web.filter.CorsFilter@5e3d3bfd, org.springframework.security.web.authentication.logout.LogoutFilter@79ed43f8, com.maridimamba.security.AuthTokenFilter@6145be92, org.springframework.security.web.savedrequest.RequestCacheAwareFilter@1a568f25, org.springframework.security.web.servletapi.SecurityContextHolderAwareRequestFilter@7bf67f81, org.springframework.security.web.authentication.AnonymousAuthenticationFilter@34e347a5, org.springframework.security.web.session.SessionManagementFilter@60274863, org.springframework.security.web.access.ExceptionTranslationFilter@8a325ca, org.springframework.security.web.access.intercept.AuthorizationFilter@1f2eb34c]
2026-09-12T19:45:50.956+05:30  INFO 10959 --- [maridimamba-backend] [           main] com.maridimamba.FinancialLogicTests      : Started FinancialLogicTests in 0.478 seconds (process running for 4.707)
2026-09-12T19:45:51.117+05:30  INFO 10959 --- [maridimamba-backend] [           main] com.maridimamba.config.DataInitializer   : Default users initialized: 'leader' (admin123) and 'member' (member123)
2026-09-12T19:45:51.132+05:30  INFO 10959 --- [maridimamba-backend] [           main] com.maridimamba.service.AuditService     : AUDIT: User [system] performed [CREATE_CYCLE] on [MONTHLY_CYCLE] id=[3]
2026-09-12T19:45:51.148+05:30  INFO 10959 --- [maridimamba-backend] [           main] com.maridimamba.service.LedgerService    : LEDGER: Recorded [LOAN_DISBURSEMENT] amount [-10000.00], previous balance [26000.00], new balance [16000.00]
2026-09-12T19:45:51.149+05:30  INFO 10959 --- [maridimamba-backend] [           main] com.maridimamba.service.AuditService     : AUDIT: User [system] performed [AUCTION_CHUNK_ALLOCATED] on [LOAN] id=[11]
2026-09-12T19:45:51.152+05:30  INFO 10959 --- [maridimamba-backend] [           main] com.maridimamba.service.LedgerService    : LEDGER: Recorded [LOAN_DISBURSEMENT] amount [-5000.00], previous balance [16000.00], new balance [11000.00]
2026-09-12T19:45:51.152+05:30  INFO 10959 --- [maridimamba-backend] [           main] com.maridimamba.service.AuditService     : AUDIT: User [system] performed [AUCTION_CHUNK_ALLOCATED] on [LOAN] id=[12]
2026-09-12T19:45:51.154+05:30  INFO 10959 --- [maridimamba-backend] [           main] com.maridimamba.service.LedgerService    : LEDGER: Recorded [LOAN_DISBURSEMENT] amount [-5000.00], previous balance [11000.00], new balance [6000.00]
2026-09-12T19:45:51.155+05:30  INFO 10959 --- [maridimamba-backend] [           main] com.maridimamba.service.AuditService     : AUDIT: User [system] performed [AUCTION_CHUNK_ALLOCATED] on [LOAN] id=[13]
]]></system-out>
  </testcase>
  <testcase name="testPartialAndMultiplePayments" classname="com.maridimamba.FinancialLogicTests" time="0.023">
    <system-out><![CDATA[2026-09-12T19:45:51.168+05:30  INFO 10959 --- [maridimamba-backend] [           main] com.maridimamba.service.LedgerService    : LEDGER: Recorded [LOAN_REPAYMENT] amount [2000.00], previous balance [26000.00], new balance [28000.00]
2026-09-12T19:45:51.169+05:30  INFO 10959 --- [maridimamba-backend] [           main] com.maridimamba.service.AuditService     : AUDIT: User [system] performed [RECORD_PAYMENT] on [PAYMENT] id=[6]
2026-09-12T19:45:51.172+05:30  INFO 10959 --- [maridimamba-backend] [           main] com.maridimamba.service.LedgerService    : LEDGER: Recorded [LOAN_REPAYMENT] amount [1500.00], previous balance [28000.00], new balance [29500.00]
2026-09-12T19:45:51.172+05:30  INFO 10959 --- [maridimamba-backend] [           main] com.maridimamba.service.AuditService     : AUDIT: User [system] performed [RECORD_PAYMENT] on [PAYMENT] id=[7]
2026-09-12T19:45:51.178+05:30  INFO 10959 --- [maridimamba-backend] [           main] com.maridimamba.service.LedgerService    : LEDGER: Recorded [LOAN_REPAYMENT] amount [2000.00], previous balance [29500.00], new balance [31500.00]
2026-09-12T19:45:51.179+05:30  INFO 10959 --- [maridimamba-backend] [           main] com.maridimamba.service.AuditService     : AUDIT: User [system] performed [RECORD_PAYMENT] on [PAYMENT] id=[8]
]]></system-out>
  </testcase>
  <testcase name="testPreventLendingExceedingBalance" classname="com.maridimamba.FinancialLogicTests" time="0.006"/>
  <testcase name="testAuctionInterestDetermination" classname="com.maridimamba.FinancialLogicTests" time="0.01">
    <system-out><![CDATA[2026-09-12T19:45:51.193+05:30  INFO 10959 --- [maridimamba-backend] [           main] com.maridimamba.service.LedgerService    : LEDGER: Recorded [LOAN_DISBURSEMENT] amount [-5000.00], previous balance [26000.00], new balance [21000.00]
2026-09-12T19:45:51.194+05:30  INFO 10959 --- [maridimamba-backend] [           main] com.maridimamba.service.AuditService     : AUDIT: User [system] performed [AUCTION_CHUNK_ALLOCATED] on [LOAN] id=[14]
2026-09-12T19:45:51.196+05:30  INFO 10959 --- [maridimamba-backend] [           main] com.maridimamba.service.LedgerService    : LEDGER: Recorded [LOAN_DISBURSEMENT] amount [-5000.00], previous balance [21000.00], new balance [16000.00]
2026-09-12T19:45:51.197+05:30  INFO 10959 --- [maridimamba-backend] [           main] com.maridimamba.service.AuditService     : AUDIT: User [system] performed [AUCTION_CHUNK_ALLOCATED] on [LOAN] id=[15]
]]></system-out>
  </testcase>
  <testcase name="testPreventExcessDeduction" classname="com.maridimamba.FinancialLogicTests" time="0.005"/>
  <testcase name="testPreventPaymentExceedingRemaining" classname="com.maridimamba.FinancialLogicTests" time="0.007"/>
  <testcase name="testChunkSplitting" classname="com.maridimamba.FinancialLogicTests" time="0.002"/>
  <testcase name="testRecordLiquidBalanceDeductionWithCause" classname="com.maridimamba.FinancialLogicTests" time="0.007">
    <system-out><![CDATA[2026-09-12T19:45:51.219+05:30  INFO 10959 --- [maridimamba-backend] [           main] com.maridimamba.service.LedgerService    : LEDGER: Recorded [OTHER_EXPENSE] amount [-2500.00], previous balance [26000.00], new balance [23500.00]
2026-09-12T19:45:51.219+05:30  INFO 10959 --- [maridimamba-backend] [           main] com.maridimamba.service.AuditService     : AUDIT: User [system] performed [LIQUID_BALANCE_DEDUCTION] on [LEDGER] id=[20]
]]></system-out>
  </testcase>
  <testcase name="testPreventMultipleChunksToSameMemberInSameMonth" classname="com.maridimamba.FinancialLogicTests" time="0.005"/>
  <testcase name="testRecordFullPayment" classname="com.maridimamba.FinancialLogicTests" time="0.008">
    <system-out><![CDATA[2026-09-12T19:45:51.234+05:30  INFO 10959 --- [maridimamba-backend] [           main] com.maridimamba.service.LedgerService    : LEDGER: Recorded [LOAN_REPAYMENT] amount [5500.00], previous balance [26000.00], new balance [31500.00]
2026-09-12T19:45:51.235+05:30  INFO 10959 --- [maridimamba-backend] [           main] com.maridimamba.service.AuditService     : AUDIT: User [system] performed [RECORD_PAYMENT] on [PAYMENT] id=[9]
]]></system-out>
  </testcase>
  <testcase name="testLoanAssignmentAndTotalDue" classname="com.maridimamba.FinancialLogicTests" time="0.006"/>
  <testcase name="testLedgerRunningBalance" classname="com.maridimamba.FinancialLogicTests" time="0.005">
    <system-out><![CDATA[2026-09-12T19:45:51.246+05:30  INFO 10959 --- [maridimamba-backend] [           main] com.maridimamba.service.LedgerService    : LEDGER: Recorded [OTHER_INCOME] amount [500.00], previous balance [26000.00], new balance [26500.00]
]]></system-out>
  </testcase>
  <testcase name="testReserveCalculation" classname="com.maridimamba.FinancialLogicTests" time="0.001"/>
</testsuite>